==22728== Memcheck, a memory error detector
==22728== Copyright (C) 2002-2011, and GNU GPL'd, by Julian Seward et al.
==22728== Using Valgrind-3.7.0 and LibVEX; rerun with -h for copyright info
==22728== Command: ./Debug/Plataforma config.cfg
==22728== Parent PID: 22724
==22728== 
==22728== 
==22728== HEAP SUMMARY:
==22728==     in use at exit: 4,671 bytes in 66 blocks
==22728==   total heap usage: 26,643 allocs, 26,577 frees, 1,406,542 bytes allocated
==22728== 
==22728== LEAK SUMMARY:
==22728==    definitely lost: 8 bytes in 1 blocks
==22728==    indirectly lost: 236 bytes in 15 blocks
==22728==      possibly lost: 272 bytes in 2 blocks
==22728==    still reachable: 4,155 bytes in 48 blocks
==22728==         suppressed: 0 bytes in 0 blocks
==22728== Rerun with --leak-check=full to see details of leaked memory
==22728== 
==22728== For counts of detected and suppressed errors, rerun with: -v
==22728== ERROR SUMMARY: 0 errors from 0 contexts (suppressed: 0 from 0)
