==13300== Memcheck, a memory error detector
==13300== Copyright (C) 2002-2011, and GNU GPL'd, by Julian Seward et al.
==13300== Using Valgrind-3.7.0 and LibVEX; rerun with -h for copyright info
==13300== Command: ./nivel Esquema_1/Nivel8.cfg
==13300== Parent PID: 2855
==13300== 
==13300== Syscall param socketcall.send(msg) points to uninitialised byte(s)
==13300==    at 0x4062E88: send (socket.S:100)
==13300==    by 0x804D571: handshakePlataforma (in /home/utnso/GITHUB/tp-2013-2c-the-grid/Nivel/nivel)
==13300==    by 0x80497E4: main (in /home/utnso/GITHUB/tp-2013-2c-the-grid/Nivel/nivel)
==13300==  Address 0xbed2dd95 is on thread 1's stack
==13300== 
==13300== 
==13300== HEAP SUMMARY:
==13300==     in use at exit: 50,505 bytes in 647 blocks
==13300==   total heap usage: 24,222 allocs, 23,575 frees, 614,982 bytes allocated
==13300== 
==13300== LEAK SUMMARY:
==13300==    definitely lost: 5,009 bytes in 258 blocks
==13300==    indirectly lost: 77 bytes in 13 blocks
==13300==      possibly lost: 1,360 bytes in 10 blocks
==13300==    still reachable: 44,059 bytes in 366 blocks
==13300==         suppressed: 0 bytes in 0 blocks
==13300== Rerun with --leak-check=full to see details of leaked memory
==13300== 
==13300== For counts of detected and suppressed errors, rerun with: -v
==13300== Use --track-origins=yes to see where uninitialised values come from
==13300== ERROR SUMMARY: 1 errors from 1 contexts (suppressed: 0 from 0)
