==5059== Memcheck, a memory error detector
==5059== Copyright (C) 2002-2011, and GNU GPL'd, by Julian Seward et al.
==5059== Using Valgrind-3.7.0 and LibVEX; rerun with -h for copyright info
==5059== Command: ./Plataforma
==5059== Parent PID: 2594
==5059== 
--5059-- 
--5059-- Valgrind options:
--5059--    --suppressions=/usr/lib/valgrind/debian-libc6-dbg.supp
--5059--    -v
--5059--    --log-file=problemas.log
--5059--    --leak-check=full
--5059-- Contents of /proc/version:
--5059--   Linux version 3.5.0-41-generic (buildd@batsu) (gcc version 4.7.2 (Ubuntu/Linaro 4.7.2-2ubuntu1) ) #64-Ubuntu SMP Wed Sep 11 15:40:48 UTC 2013
--5059-- Arch and hwcaps: X86, x86-sse1-sse2
--5059-- Page sizes: currently 4096, max supported 4096
--5059-- Valgrind library directory: /usr/lib/valgrind
--5059-- Reading syms from /lib/i386-linux-gnu/ld-2.15.so (0x4000000)
--5059--   Considering /lib/i386-linux-gnu/ld-2.15.so ..
--5059--   .. CRC mismatch (computed e3398cb0 wanted 236b4260)
--5059--   Considering /usr/lib/debug/lib/i386-linux-gnu/ld-2.15.so ..
--5059--   .. CRC is valid
--5059-- Reading syms from /home/utnso/GITHUB/tp-2013-2c-the-grid/Plataforma/Debug/Plataforma (0x8048000)
--5059-- Reading syms from /usr/lib/valgrind/memcheck-x86-linux (0x38000000)
--5059--   Considering /usr/lib/valgrind/memcheck-x86-linux ..
--5059--   .. CRC mismatch (computed 1ec895f5 wanted ee7c0008)
--5059--    object doesn't have a symbol table
--5059--    object doesn't have a dynamic symbol table
--5059-- Reading suppressions file: /usr/lib/valgrind/debian-libc6-dbg.supp
--5059-- Reading suppressions file: /usr/lib/valgrind/default.supp
==5059== embedded gdbserver: reading from /tmp/vgdb-pipe-from-vgdb-to-5059-by-utnso-on-???
==5059== embedded gdbserver: writing to   /tmp/vgdb-pipe-to-vgdb-from-5059-by-utnso-on-???
==5059== embedded gdbserver: shared mem   /tmp/vgdb-pipe-shared-mem-vgdb-5059-by-utnso-on-???
==5059== 
==5059== TO CONTROL THIS PROCESS USING vgdb (which you probably
==5059== don't want to do, unless you know exactly what you're doing,
==5059== or are doing some strange experiment):
==5059==   /usr/lib/valgrind/../../bin/vgdb --pid=5059 ...command...
==5059== 
==5059== TO DEBUG THIS PROCESS USING GDB: start GDB like this
==5059==   /path/to/gdb ./Plataforma
==5059== and then give GDB the following command
==5059==   target remote | /usr/lib/valgrind/../../bin/vgdb --pid=5059
==5059== --pid is optional if only one valgrind process is running
==5059== 
--5059-- REDIR: 0x40182e0 (strlen) redirected to 0x380552b4 (???)
--5059-- REDIR: 0x4018060 (index) redirected to 0x3805528f (???)
--5059-- Reading syms from /usr/lib/valgrind/vgpreload_core-x86-linux.so (0x4025000)
--5059--   Considering /usr/lib/valgrind/vgpreload_core-x86-linux.so ..
--5059--   .. CRC mismatch (computed 653f7e0c wanted 326ec8e5)
--5059--    object doesn't have a symbol table
--5059-- Reading syms from /usr/lib/valgrind/vgpreload_memcheck-x86-linux.so (0x4029000)
--5059--   Considering /usr/lib/valgrind/vgpreload_memcheck-x86-linux.so ..
--5059--   .. CRC mismatch (computed 919ad9e6 wanted fadf83d3)
--5059--    object doesn't have a symbol table
--5059-- Reading syms from /home/utnso/GITHUB/tp-2013-2c-the-grid/Commons-Library/Debug/libCommons-Library.so (0x4034000)
--5059-- Reading syms from /home/utnso/GITHUB/tp-2013-2c-the-grid/Biblioteca/Debug/libBiblioteca.so (0x403c000)
--5059-- Reading syms from /lib/i386-linux-gnu/libpthread-2.15.so (0x4051000)
--5059--   Considering /lib/i386-linux-gnu/libpthread-2.15.so ..
--5059--   .. CRC mismatch (computed 01567a82 wanted f8f252c4)
--5059--   Considering /usr/lib/debug/lib/i386-linux-gnu/libpthread-2.15.so ..
--5059--   .. CRC is valid
--5059-- Reading syms from /lib/i386-linux-gnu/libc-2.15.so (0x406c000)
--5059--   Considering /lib/i386-linux-gnu/libc-2.15.so ..
--5059--   .. CRC mismatch (computed 3d29d361 wanted 3b11973a)
--5059--   Considering /usr/lib/debug/lib/i386-linux-gnu/libc-2.15.so ..
--5059--   .. CRC is valid
--5059-- REDIR: 0x40ea010 (strnlen) redirected to 0x402556d (_vgnU_ifunc_wrapper)
--5059-- REDIR: 0x40eb560 (strncasecmp) redirected to 0x402556d (_vgnU_ifunc_wrapper)
--5059-- REDIR: 0x40e9f00 (strlen) redirected to 0x402556d (_vgnU_ifunc_wrapper)
--5059-- REDIR: 0x40e9340 (strcat) redirected to 0x402556d (_vgnU_ifunc_wrapper)
--5059-- REDIR: 0x40ea0b0 (strncmp) redirected to 0x402556d (_vgnU_ifunc_wrapper)
--5059-- REDIR: 0x40e9760 (strcmp) redirected to 0x402556d (_vgnU_ifunc_wrapper)
--5059-- REDIR: 0x40eb510 (strcasecmp) redirected to 0x402556d (_vgnU_ifunc_wrapper)
--5059-- REDIR: 0x40ea100 (strncpy) redirected to 0x402556d (_vgnU_ifunc_wrapper)
--5059-- REDIR: 0x40e9820 (strcpy) redirected to 0x402556d (_vgnU_ifunc_wrapper)
--5059-- REDIR: 0x40eaf70 (memmove) redirected to 0x402556d (_vgnU_ifunc_wrapper)
--5059-- REDIR: 0x40e9550 (index) redirected to 0x402556d (_vgnU_ifunc_wrapper)
--5059-- REDIR: 0x40eb030 (memset) redirected to 0x402556d (_vgnU_ifunc_wrapper)
--5059-- REDIR: 0x4103050 (strstr) redirected to 0x402556d (_vgnU_ifunc_wrapper)
--5059-- REDIR: 0x4102c90 (__GI_strstr) redirected to 0x402fb70 (strstr)
--5059-- REDIR: 0x40ea1b0 (__GI_strrchr) redirected to 0x402ce10 (__GI_strrchr)
--5059-- REDIR: 0x40e9f50 (__GI_strlen) redirected to 0x402d2a0 (__GI_strlen)
--5059-- REDIR: 0x40e5d80 (malloc) redirected to 0x402caf5 (malloc)
--5059-- REDIR: 0x40e6da0 (calloc) redirected to 0x402b555 (calloc)
--5059-- REDIR: 0x41a04b0 (__memset_sse2) redirected to 0x402f420 (memset)
--5059-- REDIR: 0x40ec880 (strchrnul) redirected to 0x402f760 (strchrnul)
--5059-- REDIR: 0x40e6260 (free) redirected to 0x402be81 (free)
--5059-- REDIR: 0x40f08c0 (__strcpy_ssse3) redirected to 0x402d2c0 (strcpy)
==5059== Thread 2:
==5059== Invalid write of size 1
==5059==    at 0x40385B6: itoa (in /home/utnso/GITHUB/tp-2013-2c-the-grid/Commons-Library/Debug/libCommons-Library.so)
==5059==    by 0x403D550: intToString (in /home/utnso/GITHUB/tp-2013-2c-the-grid/Biblioteca/Debug/libBiblioteca.so)
==5059==    by 0x80494D5: orquestador (in /home/utnso/GITHUB/tp-2013-2c-the-grid/Plataforma/Debug/Plataforma)
==5059==    by 0x4057D4B: start_thread (pthread_create.c:308)
==5059==    by 0x415ADDD: clone (clone.S:130)
==5059==  Address 0x4218c02 is 0 bytes after a block of size 2 alloc'd
==5059==    at 0x402CB7A: malloc (in /usr/lib/valgrind/vgpreload_memcheck-x86-linux.so)
==5059==    by 0x403D533: intToString (in /home/utnso/GITHUB/tp-2013-2c-the-grid/Biblioteca/Debug/libBiblioteca.so)
==5059==    by 0x80494D5: orquestador (in /home/utnso/GITHUB/tp-2013-2c-the-grid/Plataforma/Debug/Plataforma)
==5059==    by 0x4057D4B: start_thread (pthread_create.c:308)
==5059==    by 0x415ADDD: clone (clone.S:130)
==5059== 
--5059-- REDIR: 0x40f0740 (__strlen_sse2_bsf) redirected to 0x402d280 (strlen)
--5059-- REDIR: 0x40fbe80 (__strcat_ssse3) redirected to 0x402cf60 (strcat)
--5059-- REDIR: 0x40e6310 (realloc) redirected to 0x402cba4 (realloc)
--5059-- REDIR: 0x40e9880 (__GI_strcpy) redirected to 0x402d390 (__GI_strcpy)
--5059-- REDIR: 0x40e97b0 (__GI_strcmp) redirected to 0x402de80 (__GI_strcmp)
--5059-- REDIR: 0x40ec7b0 (__GI___rawmemchr) redirected to 0x402f7b0 (__GI___rawmemchr)
